ğŸš€ Starting batch test execution...

ğŸ“‹ Running batch: core-services
   Files: tests/services/StateService.test.ts tests/services/DataService.test.ts tests/services/LoggingService.test.ts
âœ… core-services: PASSED
         Tests  66 passed (66)

ğŸ“‹ Running batch: game-logic
   Files: tests/services/GameRulesService.test.ts tests/services/CardService.test.ts tests/services/ResourceService.test.ts
âŒ game-logic: FAILED or TIMEOUT
    366|             id: 'player1',

â¯â¯â¯â¯â¯â¯â¯â¯â¯â¯â¯â¯â¯â¯â¯â¯â¯â¯â¯â¯â¯â¯â¯â¯[1/1]â¯


 Test Files  1 failed | 2 passed (3)
      Tests  1 failed | 127 passed (128)
   Start at  12:33:29
   Duration  6.62s (transform 446ms, setup 2.76s, collect 426ms, tests 1.44s, environment 0ms, prepare 1.24s)


ğŸ“‹ Running batch: advanced-services
   Files: tests/services/TurnService.test.ts tests/services/EffectEngineService.test.ts tests/services/PlayerActionService.test.ts
âœ… advanced-services: PASSED
         Tests  75 passed (75)

ğŸ“‹ Running batch: support-services
   Files: tests/services/MovementService.test.ts tests/services/ChoiceService.test.ts tests/services/TargetingService.test.ts
âœ… support-services: PASSED
         Tests  64 passed (64)

ğŸ“‹ Running batch: communication-services
   Files: tests/services/NotificationService.test.ts tests/services/NegotiationService.test.ts tests/services/DurationEffects.test.ts tests/services/TurnService-tryAgainOnSpace.test.ts
âœ… communication-services: PASSED
         Tests  44 passed (44)

ğŸ“‹ Running batch: utilities
   Files: tests/utils/EffectFactory.test.ts tests/utils/FormatUtils.test.ts tests/utils/NotificationUtils.test.ts tests/utils/actionLogFormatting.test.ts tests/utils/buttonFormatting.test.ts
âœ… utilities: PASSED
         Tests  129 passed (129)

ğŸ“‹ Running batch: isolated
   Files: tests/isolated/gameLogic.test.ts tests/isolated/utils.test.ts
âœ… isolated: PASSED
         Tests  22 passed (22)

ğŸ“‹ Running batch: e2e-tests-1
   Files: tests/E2E-05_MultiPlayerEffects.test.ts tests/E2E-01_HappyPath.test.ts tests/E2E-04_EdgeCases.test.ts
âœ… e2e-tests-1: PASSED
         Tests  5 passed | 1 skipped (6)

ğŸ“‹ Running batch: e2e-tests-2
   Files: tests/E2E-02_ComplexCard.test.ts tests/E2E-03_ComplexSpace.test.ts tests/E2E-04_SpaceTryAgain.test.ts
âœ… e2e-tests-2: PASSED
         Tests  8 passed (8)

ğŸ“‹ Running batch: integration-tests
   Files: tests/E012-integration.test.ts tests/E066-reroll-integration.test.ts tests/E066-simple.test.ts tests/E2E-Lightweight.test.ts
âœ… integration-tests: PASSED
         Tests  24 passed (24)

ğŸ“‹ Running batch: core-components
   Files: tests/components/game/CardPortfolioDashboard.test.tsx tests/components/TurnControlsWithActions.test.tsx
âœ… core-components: PASSED
         Tests  19 passed (19)

ğŸ“‹ Running batch: game-components
   Files: tests/components/game/DiceRoller.test.tsx tests/components/game/GameSpace.test.tsx tests/components/game/MovementPathVisualization.test.tsx
âŒ game-components: FAILED or TIMEOUT
     56|   });

â¯â¯â¯â¯â¯â¯â¯â¯â¯â¯â¯â¯â¯â¯â¯â¯â¯â¯â¯â¯â¯â¯â¯â¯[1/1]â¯


 Test Files  1 failed | 2 passed (3)
      Tests  1 failed | 40 passed (41)
   Start at  12:35:43
   Duration  18.61s (transform 506ms, setup 2.67s, collect 2.04s, tests 493ms, environment 11.48s, prepare 1.22s)


ğŸ“‹ Running batch: game-components-2
   Files: tests/components/game/ProjectProgress.test.tsx tests/components/game/SpaceExplorerPanel.test.tsx
âŒ game-components-2: FAILED or TIMEOUT
> code2027@1.0.0 test
> vitest run --config vitest.config.dev.ts tests/components/game/ProjectProgress.test.tsx tests/components/game/SpaceExplorerPanel.test.tsx

 DEPRECATED  "environmentMatchGlobs" is deprecated. Use `test.projects` to define different configurations instead.

 RUN  v3.2.4 /mnt/d/unravel/current_game/game_alpha

stdout | tests/components/game/SpaceExplorerPanel.test.tsx
ğŸš€ Vitest setup complete with performance optimizations enabled


ğŸ“‹ Running batch: modal-components-1
   Files: tests/components/modals/CardActions.test.tsx tests/components/modals/DiceResultModal.test.tsx tests/components/modals/EndGameModal.test.tsx
âœ… modal-components-1: PASSED
         Tests  41 passed (41)

ğŸ“‹ Running batch: modal-components-2
   Files: tests/components/CardDetailsModal.test.tsx tests/components/ChoiceModal.test.tsx tests/components/NegotiationModal.test.tsx
âŒ modal-components-2: FAILED or TIMEOUT
    271| 

â¯â¯â¯â¯â¯â¯â¯â¯â¯â¯â¯â¯â¯â¯â¯â¯â¯â¯â¯â¯â¯â¯â¯â¯[8/8]â¯


 Test Files  2 failed | 1 passed (3)
      Tests  8 failed | 9 passed (17)
   Start at  12:38:37
   Duration  19.11s (transform 781ms, setup 2.69s, collect 2.37s, tests 501ms, environment 11.59s, prepare 1.19s)


ğŸ“‹ Running batch: modal-components-3
   Files: tests/components/modals/CardReplacementModal.test.tsx tests/components/modals/DiscardPileModal.test.tsx tests/components/modals/DiscardedCardsModal.test.tsx
âŒ modal-components-3: FAILED or TIMEOUT
    213|       

â¯â¯â¯â¯â¯â¯â¯â¯â¯â¯â¯â¯â¯â¯â¯â¯â¯â¯â¯â¯â¯â¯[11/11]â¯


 Test Files  2 failed | 1 passed (3)
      Tests  11 failed | 22 passed (33)
   Start at  12:39:02
   Duration  19.51s (transform 707ms, setup 2.93s, collect 2.39s, tests 839ms, environment 11.51s, prepare 1.11s)


ğŸ“‹ Running batch: player-components-1
   Files: tests/components/player/PlayerPanel.test.tsx tests/components/player/PlayerPanel.integration.test.tsx tests/components/player/ExpandableSection.test.tsx
âœ… player-components-1: PASSED
         Tests  26 passed (26)

ğŸ“‹ Running batch: player-components-2
   Files: tests/components/player/CardsSection.test.tsx tests/components/player/FinancesSection.test.tsx tests/components/player/TimeSection.test.tsx
âŒ player-components-2: FAILED or TIMEOUT
    532| 

â¯â¯â¯â¯â¯â¯â¯â¯â¯â¯â¯â¯â¯â¯â¯â¯â¯â¯â¯â¯â¯â¯â¯â¯[7/7]â¯


 Test Files  2 failed | 1 passed (3)
      Tests  7 failed | 43 passed (50)
   Start at  12:39:52
   Duration  22.14s (transform 1.04s, setup 2.67s, collect 2.75s, tests 3.35s, environment 11.38s, prepare 1.23s)


ğŸ“‹ Running batch: player-components-3
   Files: tests/components/player/NextStepButton.test.tsx tests/components/player/CurrentCardSection.test.tsx tests/components/player/sections/CurrentCardSection.test.tsx
âŒ player-components-3: FAILED or TIMEOUT
     84|     await waitFor(() => {

â¯â¯â¯â¯â¯â¯â¯â¯â¯â¯â¯â¯â¯â¯â¯â¯â¯â¯â¯â¯â¯â¯â¯[6/34]â¯


 Test Files  3 failed (3)
      Tests  34 failed | 2 passed (36)
   Start at  12:40:18
   Duration  19.20s (transform 499ms, setup 2.72s, collect 2.05s, tests 407ms, environment 12.09s, prepare 1.22s)


ğŸ“‹ Running batch: regression-tests-1
   Files: tests/regression/ButtonNesting.regression.test.tsx tests/regression/CardCountNaN.regression.test.tsx tests/services/ActionSequenceRegression.test.ts
âœ… regression-tests-1: PASSED
         Tests  24 passed (24)

ğŸ“‹ Running batch: regression-tests-2
   Files: tests/services/GameLogRegression.test.ts tests/services/SpaceProgressionRegression.test.ts tests/services/TransactionalLogging.test.ts
âœ… regression-tests-2: PASSED
         Tests  42 passed (42)

ğŸ“‹ Running batch: feature-tests
   Files: tests/features/E2E-MultiPathMovement.test.tsx tests/features/ManualFunding.test.ts tests/P1_AutomaticFunding_Fix.test.ts
âœ… feature-tests: PASSED
         Tests  23 passed (23)

ğŸ“‹ Running batch: performance-tests
   Files: tests/performance/LoadTimeOptimization.test.ts
âœ… performance-tests: PASSED
         Tests  9 passed (9)

ğŸ“Š BATCH TEST SUMMARY
========================
âœ… Passed batches: 16
âŒ Failed batches: 7

Failed batches:
  - game-logic
  - game-components
  - game-components-2
  - modal-components-2
  - modal-components-3
  - player-components-2
  - player-components-3
